\\nasstudusers\0$\n0516005\software implementation c++\labb\labb\labb\debug\vc120.pdb
\\nasstudusers\0$\n0516005\software implementation c++\labb\labb\labb\debug\vc120.idb
\\nasstudusers\0$\n0516005\software implementation c++\labb\labb\labb\debug\linkedlistclass.obj
\\nasstudusers\0$\n0516005\software implementation c++\labb\labb\labb\debug\mainlabb.obj
c:\users\n0516005\desktop\labb\labb\debug\vc120.pdb
c:\users\n0516005\desktop\labb\labb\debug\vc120.idb
c:\users\n0516005\desktop\labb\labb\debug\linkedlistclass.obj
c:\users\n0516005\desktop\labb\labb\debug\mainlabb.obj
\\nasstudusers\0$\n0516005\software implementation c++\labb\labb\debug\labb.ilk
\\nasstudusers\0$\n0516005\software implementation c++\labb\labb\debug\labb.exe
\\nasstudusers\0$\n0516005\software implementation c++\labb\labb\debug\labb.pdb
c:\users\n0516005\desktop\labb\debug\labb.ilk
c:\users\n0516005\desktop\labb\debug\labb.exe
c:\users\n0516005\desktop\labb\debug\labb.pdb
c:\users\sam\desktop\lab b\labb\labb\debug\linkedlistclass.obj
c:\users\sam\desktop\lab b\labb\labb\debug\mainlabb.obj
c:\users\sam\desktop\lab b\labb\labb\debug\labb.ilk
c:\users\sam\desktop\lab b\labb\labb\debug\vc120.idb
c:\users\sam\desktop\lab b\labb\labb\debug\labb.pdb
c:\users\sam\desktop\lab b\labb\labb\debug\vc120.pdb
c:\users\sam\desktop\lab b\labb\labb\debug\labb.tlog\cl.command.1.tlog
c:\users\sam\desktop\lab b\labb\labb\debug\labb.tlog\cl.read.1.tlog
c:\users\sam\desktop\lab b\labb\labb\debug\labb.tlog\cl.write.1.tlog
c:\users\sam\desktop\lab b\labb\labb\debug\labb.tlog\link.command.1.tlog
c:\users\sam\desktop\lab b\labb\labb\debug\labb.tlog\link.read.1.tlog
c:\users\sam\desktop\lab b\labb\labb\debug\labb.tlog\link.write.1.tlog
