\\nasstudusers\0$\n0516005\software implementation c++\labzcw\coursework_labz\coursework_labz\debug\vc120.pdb
\\nasstudusers\0$\n0516005\software implementation c++\labzcw\coursework_labz\coursework_labz\debug\vc120.idb
\\nasstudusers\0$\n0516005\software implementation c++\labzcw\coursework_labz\coursework_labz\debug\iterators.obj
\\nasstudusers\0$\n0516005\software implementation c++\labzcw\coursework_labz\coursework_labz\debug\main.obj
c:\users\sam\desktop\labzcw\coursework_labz\coursework_labz\debug\vc120.pdb
c:\users\sam\desktop\labzcw\coursework_labz\coursework_labz\debug\vc120.idb
c:\users\sam\desktop\labzcw\coursework_labz\coursework_labz\debug\iterators.obj
c:\users\sam\desktop\labzcw\coursework_labz\coursework_labz\debug\main.obj
c:\users\sam\desktop\labzcw\coursework_labz\coursework_labz\debug\database.obj
c:\users\sam\desktop\labzcw\coursework_labz\coursework_labz\debug\footwear.obj
c:\users\sam\desktop\labzcw\coursework_labz\debug\coursework_labz.pdb
c:\users\sam\desktop\labzcw\coursework_labz\coursework_labz\debug\coursework_labz.tlog\cl.command.1.tlog
c:\users\sam\desktop\labzcw\coursework_labz\coursework_labz\debug\coursework_labz.tlog\cl.read.1.tlog
c:\users\sam\desktop\labzcw\coursework_labz\coursework_labz\debug\coursework_labz.tlog\cl.write.1.tlog
c:\users\sam\desktop\labzcw\coursework_labz\coursework_labz\debug\coursework_labz.tlog\link-cvtres.read.1.tlog
c:\users\sam\desktop\labzcw\coursework_labz\coursework_labz\debug\coursework_labz.tlog\link-cvtres.write.1.tlog
c:\users\sam\desktop\labzcw\coursework_labz\coursework_labz\debug\coursework_labz.tlog\link-rc.read.1.tlog
c:\users\sam\desktop\labzcw\coursework_labz\coursework_labz\debug\coursework_labz.tlog\link-rc.write.1.tlog
c:\users\sam\desktop\labzcw\coursework_labz\coursework_labz\debug\coursework_labz.tlog\link.command.1.tlog
c:\users\sam\desktop\labzcw\coursework_labz\coursework_labz\debug\coursework_labz.tlog\link.read.1.tlog
c:\users\sam\desktop\labzcw\coursework_labz\coursework_labz\debug\coursework_labz.tlog\link.write.1.tlog
